# JRE version: OpenJDK Runtime Environment Microsoft-11369865 (17.0.15+6) (build 17.0.15+6-LTS)
# Java VM: OpenJDK 64-Bit Server VM Microsoft-11369865 (17.0.15+6-LTS, mixed mode, sharing, tiered, compressed oops, compressed class ptrs, g1 gc, windows-amd64)
GC Precious Log:
 CPUs: 16 total, 16 available
 Memory: 15661M
 Large Page Support: Disabled
 NUMA Support: Disabled
 Compressed Oops: Enabled (Zero based)
 Heap Region Size: 2M
 Heap Min Capacity: 8M
 Heap Initial Capacity: 246M
 Heap Max Capacity: 3916M
 Pre-touch: Disabled
 Parallel Workers: 13
 Concurrent Workers: 3
 Concurrent Refinement Workers: 13
 Periodic GC: Disabled
Heap:
 garbage-first heap   total 106496K, used 66420K [0x000000070b400000, 0x0000000800000000)
  region size 2048K, 2 young (4096K), 2 survivors (4096K)
 Metaspace       used 59281K, committed 59648K, reserved 1114112K
  class space    used 6878K, committed 7040K, reserved 1048576K
GC Heap History (20 events):
Event: 9.228 GC heap after
{Heap after GC invocations=8 (full 0):
 garbage-first heap   total 77824K, used 22842K [0x000000070b400000, 0x0000000800000000)
  region size 2048K, 3 young (6144K), 3 survivors (6144K)
 Metaspace       used 44964K, committed 45184K, reserved 1114112K
  class space    used 5595K, committed 5696K, reserved 1048576K
}
Event: 9.818 GC heap before
{Heap before GC invocations=8 (full 0):
 garbage-first heap   total 77824K, used 55610K [0x000000070b400000, 0x0000000800000000)
  region size 2048K, 20 young (40960K), 3 survivors (6144K)
 Metaspace       used 46223K, committed 46464K, reserved 1114112K
  class space    used 5664K, committed 5760K, reserved 1048576K
}
Event: 9.858 GC heap after
{Heap after GC invocations=9 (full 0):
 garbage-first heap   total 77824K, used 34534K [0x000000070b400000, 0x0000000800000000)
  region size 2048K, 3 young (6144K), 3 survivors (6144K)
 Metaspace       used 46223K, committed 46464K, reserved 1114112K
  class space    used 5664K, committed 5760K, reserved 1048576K
}
Event: 10.832 GC heap before
{Heap before GC invocations=9 (full 0):
 garbage-first heap   total 77824K, used 52966K [0x000000070b400000, 0x0000000800000000)
  region size 2048K, 13 young (26624K), 3 survivors (6144K)
 Metaspace       used 49267K, committed 49472K, reserved 1114112K
  class space    used 6047K, committed 6144K, reserved 1048576K
}
Event: 10.856 GC heap after
{Heap after GC invocations=10 (full 0):
 garbage-first heap   total 77824K, used 39714K [0x000000070b400000, 0x0000000800000000)
  region size 2048K, 2 young (4096K), 2 survivors (4096K)
 Metaspace       used 49267K, committed 49472K, reserved 1114112K
  class space    used 6047K, committed 6144K, reserved 1048576K
}
Event: 11.428 GC heap before
{Heap before GC invocations=10 (full 0):
 garbage-first heap   total 77824K, used 54050K [0x000000070b400000, 0x0000000800000000)
  region size 2048K, 10 young (20480K), 2 survivors (4096K)
 Metaspace       used 51087K, committed 51392K, reserved 1114112K
  class space    used 6246K, committed 6400K, reserved 1048576K
}
Event: 11.449 GC heap after
{Heap after GC invocations=11 (full 0):
 garbage-first heap   total 96256K, used 43249K [0x000000070b400000, 0x0000000800000000)
  region size 2048K, 2 young (4096K), 2 survivors (4096K)
 Metaspace       used 51087K, committed 51392K, reserved 1114112K
  class space    used 6246K, committed 6400K, reserved 1048576K
}
Event: 12.865 GC heap before
{Heap before GC invocations=12 (full 0):
 garbage-first heap   total 96256K, used 67825K [0x000000070b400000, 0x0000000800000000)
  region size 2048K, 14 young (28672K), 2 survivors (4096K)
 Metaspace       used 53535K, committed 53824K, reserved 1114112K
  class space    used 6493K, committed 6656K, reserved 1048576K
}
Event: 12.889 GC heap after
{Heap after GC invocations=13 (full 0):
 garbage-first heap   total 96256K, used 47528K [0x000000070b400000, 0x0000000800000000)
  region size 2048K, 2 young (4096K), 2 survivors (4096K)
 Metaspace       used 53535K, committed 53824K, reserved 1114112K
  class space    used 6493K, committed 6656K, reserved 1048576K
}
Event: 13.713 GC heap before
{Heap before GC invocations=13 (full 0):
 garbage-first heap   total 96256K, used 70056K [0x000000070b400000, 0x0000000800000000)
  region size 2048K, 13 young (26624K), 2 survivors (4096K)
 Metaspace       used 54707K, committed 55040K, reserved 1114112K
  class space    used 6562K, committed 6720K, reserved 1048576K
}
Event: 13.734 GC heap after
{Heap after GC invocations=14 (full 0):
 garbage-first heap   total 96256K, used 52672K [0x000000070b400000, 0x0000000800000000)
  region size 2048K, 2 young (4096K), 2 survivors (4096K)
 Metaspace       used 54707K, committed 55040K, reserved 1114112K
  class space    used 6562K, committed 6720K, reserved 1048576K
}
Event: 14.725 GC heap before
{Heap before GC invocations=15 (full 0):
 garbage-first heap   total 96256K, used 73152K [0x000000070b400000, 0x0000000800000000)
  region size 2048K, 12 young (24576K), 2 survivors (4096K)
 Metaspace       used 56651K, committed 56896K, reserved 1114112K
  class space    used 6725K, committed 6848K, reserved 1048576K
}
Event: 14.744 GC heap after
{Heap after GC invocations=16 (full 0):
 garbage-first heap   total 96256K, used 56175K [0x000000070b400000, 0x0000000800000000)
  region size 2048K, 2 young (4096K), 2 survivors (4096K)
 Metaspace       used 56651K, committed 56896K, reserved 1114112K
  class space    used 6725K, committed 6848K, reserved 1048576K
}
Event: 15.657 GC heap before
{Heap before GC invocations=16 (full 0):
 garbage-first heap   total 96256K, used 72559K [0x000000070b400000, 0x0000000800000000)
  region size 2048K, 10 young (20480K), 2 survivors (4096K)
 Metaspace       used 58920K, committed 59264K, reserved 1114112K
  class space    used 6877K, committed 7040K, reserved 1048576K
}
Event: 15.670 GC heap after
{Heap after GC invocations=17 (full 0):
 garbage-first heap   total 96256K, used 58145K [0x000000070b400000, 0x0000000800000000)
  region size 2048K, 1 young (2048K), 1 survivors (2048K)
 Metaspace       used 58920K, committed 59264K, reserved 1114112K
  class space    used 6877K, committed 7040K, reserved 1048576K
}
Event: 15.993 GC heap before
{Heap before GC invocations=18 (full 0):
 garbage-first heap   total 106496K, used 74529K [0x000000070b400000, 0x0000000800000000)
  region size 2048K, 9 young (18432K), 1 survivors (2048K)
 Metaspace       used 59092K, committed 59456K, reserved 1114112K
  class space    used 6877K, committed 7040K, reserved 1048576K
}
Event: 16.014 GC heap after
{Heap after GC invocations=19 (full 0):
 garbage-first heap   total 106496K, used 62059K [0x000000070b400000, 0x0000000800000000)
  region size 2048K, 2 young (4096K), 2 survivors (4096K)
 Metaspace       used 59092K, committed 59456K, reserved 1114112K
  class space    used 6877K, committed 7040K, reserved 1048576K
}
Event: 16.041 GC heap before
{Heap before GC invocations=19 (full 0):
 garbage-first heap   total 106496K, used 64107K [0x000000070b400000, 0x0000000800000000)
  region size 2048K, 3 young (6144K), 2 survivors (4096K)
 Metaspace       used 59108K, committed 59456K, reserved 1114112K
  class space    used 6877K, committed 7040K, reserved 1048576K
}
Event: 16.056 GC heap after
{Heap after GC invocations=20 (full 0):
 garbage-first heap   total 106496K, used 62147K [0x000000070b400000, 0x0000000800000000)
  region size 2048K, 1 young (2048K), 1 survivors (2048K)
 Metaspace       used 59108K, committed 59456K, reserved 1114112K
  class space    used 6877K, committed 7040K, reserved 1048576K
}
Event: 16.408 GC heap before
{Heap before GC invocations=20 (full 0):
 garbage-first heap   total 106496K, used 80579K [0x000000070b400000, 0x0000000800000000)
  region size 2048K, 10 young (20480K), 1 survivors (2048K)
 Metaspace       used 59281K, committed 59648K, reserved 1114112K
  class space    used 6878K, committed 7040K, reserved 1048576K
}

